-------------------------------------------------------------------------------
Test set: edu.erp.ErpApplicationTests
-------------------------------------------------------------------------------
Tests run: 1, Failures: 0, Errors: 1, Skipped: 0, Time elapsed: 5.258 s <<< FAILURE! - in edu.erp.ErpApplicationTests
contextLoads  Time elapsed: 0.013 s  <<< ERROR!
java.lang.IllegalStateException: Failed to load ApplicationContext
Caused by: org.springframework.beans.factory.BeanCreationException: Error creating bean with name 'entityManagerFactory' defined in class path resource [org/springframework/boot/autoconfigure/orm/jpa/HibernateJpaConfiguration.class]: Invocation of init method failed; nested exception is java.lang.ClassCastException: org.hibernate.mapping.SingleTableSubclass cannot be cast to org.hibernate.mapping.RootClass
Caused by: java.lang.ClassCastException: org.hibernate.mapping.SingleTableSubclass cannot be cast to org.hibernate.mapping.RootClass

